[0.429s] Invoking command in '/home/jw/jw/2023-SS-ROS2-Lecture/src/maze_bot': PYTHONPATH=/home/jw/jw/2023-SS-ROS2-Lecture/build/maze_bot/prefix_override:/home/jw/jw/2023-SS-ROS2-Lecture/install/maze_bot/lib/python3.10/site-packages:${PYTHONPATH} /usr/bin/python3 setup.py egg_info --egg-base ../../build/maze_bot build --build-base /home/jw/jw/2023-SS-ROS2-Lecture/build/maze_bot/build install --record /home/jw/jw/2023-SS-ROS2-Lecture/build/maze_bot/install.log --single-version-externally-managed
[0.589s] running egg_info
[0.589s] creating ../../build/maze_bot/maze_bot.egg-info
[0.589s] writing ../../build/maze_bot/maze_bot.egg-info/PKG-INFO
[0.589s] writing dependency_links to ../../build/maze_bot/maze_bot.egg-info/dependency_links.txt
[0.589s] writing entry points to ../../build/maze_bot/maze_bot.egg-info/entry_points.txt
[0.589s] writing requirements to ../../build/maze_bot/maze_bot.egg-info/requires.txt
[0.589s] writing top-level names to ../../build/maze_bot/maze_bot.egg-info/top_level.txt
[0.589s] writing manifest file '../../build/maze_bot/maze_bot.egg-info/SOURCES.txt'
[0.591s] reading manifest file '../../build/maze_bot/maze_bot.egg-info/SOURCES.txt'
[0.591s] writing manifest file '../../build/maze_bot/maze_bot.egg-info/SOURCES.txt'
[0.591s] running build
[0.591s] running build_py
[0.591s] creating /home/jw/jw/2023-SS-ROS2-Lecture/build/maze_bot/build
[0.591s] creating /home/jw/jw/2023-SS-ROS2-Lecture/build/maze_bot/build/lib
[0.591s] creating /home/jw/jw/2023-SS-ROS2-Lecture/build/maze_bot/build/lib/maze_bot
[0.592s] copying maze_bot/bot_mapping.py -> /home/jw/jw/2023-SS-ROS2-Lecture/build/maze_bot/build/lib/maze_bot
[0.592s] copying maze_bot/config.py -> /home/jw/jw/2023-SS-ROS2-Lecture/build/maze_bot/build/lib/maze_bot
[0.592s] copying maze_bot/test_mapping.py -> /home/jw/jw/2023-SS-ROS2-Lecture/build/maze_bot/build/lib/maze_bot
[0.592s] copying maze_bot/bot_motionplanning.py -> /home/jw/jw/2023-SS-ROS2-Lecture/build/maze_bot/build/lib/maze_bot
[0.592s] copying maze_bot/maze_solver.py -> /home/jw/jw/2023-SS-ROS2-Lecture/build/maze_bot/build/lib/maze_bot
[0.592s] copying maze_bot/bot_pathplanning.py -> /home/jw/jw/2023-SS-ROS2-Lecture/build/maze_bot/build/lib/maze_bot
[0.592s] copying maze_bot/bot_localization.py -> /home/jw/jw/2023-SS-ROS2-Lecture/build/maze_bot/build/lib/maze_bot
[0.592s] copying maze_bot/__init__.py -> /home/jw/jw/2023-SS-ROS2-Lecture/build/maze_bot/build/lib/maze_bot
[0.592s] copying maze_bot/utilities.py -> /home/jw/jw/2023-SS-ROS2-Lecture/build/maze_bot/build/lib/maze_bot
[0.592s] running install
[0.592s] running install_lib
[0.592s] creating /home/jw/jw/2023-SS-ROS2-Lecture/install/maze_bot/lib/python3.10/site-packages/maze_bot
[0.592s] copying /home/jw/jw/2023-SS-ROS2-Lecture/build/maze_bot/build/lib/maze_bot/bot_mapping.py -> /home/jw/jw/2023-SS-ROS2-Lecture/install/maze_bot/lib/python3.10/site-packages/maze_bot
[0.593s] copying /home/jw/jw/2023-SS-ROS2-Lecture/build/maze_bot/build/lib/maze_bot/config.py -> /home/jw/jw/2023-SS-ROS2-Lecture/install/maze_bot/lib/python3.10/site-packages/maze_bot
[0.593s] copying /home/jw/jw/2023-SS-ROS2-Lecture/build/maze_bot/build/lib/maze_bot/test_mapping.py -> /home/jw/jw/2023-SS-ROS2-Lecture/install/maze_bot/lib/python3.10/site-packages/maze_bot
[0.593s] copying /home/jw/jw/2023-SS-ROS2-Lecture/build/maze_bot/build/lib/maze_bot/bot_motionplanning.py -> /home/jw/jw/2023-SS-ROS2-Lecture/install/maze_bot/lib/python3.10/site-packages/maze_bot
[0.593s] copying /home/jw/jw/2023-SS-ROS2-Lecture/build/maze_bot/build/lib/maze_bot/maze_solver.py -> /home/jw/jw/2023-SS-ROS2-Lecture/install/maze_bot/lib/python3.10/site-packages/maze_bot
[0.593s] copying /home/jw/jw/2023-SS-ROS2-Lecture/build/maze_bot/build/lib/maze_bot/bot_pathplanning.py -> /home/jw/jw/2023-SS-ROS2-Lecture/install/maze_bot/lib/python3.10/site-packages/maze_bot
[0.593s] copying /home/jw/jw/2023-SS-ROS2-Lecture/build/maze_bot/build/lib/maze_bot/bot_localization.py -> /home/jw/jw/2023-SS-ROS2-Lecture/install/maze_bot/lib/python3.10/site-packages/maze_bot
[0.593s] copying /home/jw/jw/2023-SS-ROS2-Lecture/build/maze_bot/build/lib/maze_bot/__init__.py -> /home/jw/jw/2023-SS-ROS2-Lecture/install/maze_bot/lib/python3.10/site-packages/maze_bot
[0.593s] copying /home/jw/jw/2023-SS-ROS2-Lecture/build/maze_bot/build/lib/maze_bot/utilities.py -> /home/jw/jw/2023-SS-ROS2-Lecture/install/maze_bot/lib/python3.10/site-packages/maze_bot
[0.593s] byte-compiling /home/jw/jw/2023-SS-ROS2-Lecture/install/maze_bot/lib/python3.10/site-packages/maze_bot/bot_mapping.py to bot_mapping.cpython-310.pyc
[0.595s] byte-compiling /home/jw/jw/2023-SS-ROS2-Lecture/install/maze_bot/lib/python3.10/site-packages/maze_bot/config.py to config.cpython-310.pyc
[0.595s] byte-compiling /home/jw/jw/2023-SS-ROS2-Lecture/install/maze_bot/lib/python3.10/site-packages/maze_bot/test_mapping.py to test_mapping.cpython-310.pyc
[0.596s] byte-compiling /home/jw/jw/2023-SS-ROS2-Lecture/install/maze_bot/lib/python3.10/site-packages/maze_bot/bot_motionplanning.py to bot_motionplanning.cpython-310.pyc
[0.597s] byte-compiling /home/jw/jw/2023-SS-ROS2-Lecture/install/maze_bot/lib/python3.10/site-packages/maze_bot/maze_solver.py to maze_solver.cpython-310.pyc
[0.598s] byte-compiling /home/jw/jw/2023-SS-ROS2-Lecture/install/maze_bot/lib/python3.10/site-packages/maze_bot/bot_pathplanning.py to bot_pathplanning.cpython-310.pyc
[0.600s] byte-compiling /home/jw/jw/2023-SS-ROS2-Lecture/install/maze_bot/lib/python3.10/site-packages/maze_bot/bot_localization.py to bot_localization.cpython-310.pyc
[0.600s] byte-compiling /home/jw/jw/2023-SS-ROS2-Lecture/install/maze_bot/lib/python3.10/site-packages/maze_bot/__init__.py to __init__.cpython-310.pyc
[0.601s] byte-compiling /home/jw/jw/2023-SS-ROS2-Lecture/install/maze_bot/lib/python3.10/site-packages/maze_bot/utilities.py to utilities.cpython-310.pyc
[0.601s] running install_data
[0.602s] creating /home/jw/jw/2023-SS-ROS2-Lecture/install/maze_bot/share/ament_index
[0.602s] creating /home/jw/jw/2023-SS-ROS2-Lecture/install/maze_bot/share/ament_index/resource_index
[0.602s] creating /home/jw/jw/2023-SS-ROS2-Lecture/install/maze_bot/share/ament_index/resource_index/packages
[0.602s] copying resource/maze_bot -> /home/jw/jw/2023-SS-ROS2-Lecture/install/maze_bot/share/ament_index/resource_index/packages
[0.602s] copying package.xml -> /home/jw/jw/2023-SS-ROS2-Lecture/install/maze_bot/share/maze_bot
[0.602s] creating /home/jw/jw/2023-SS-ROS2-Lecture/install/maze_bot/share/maze_bot/launch
[0.602s] copying launch/maze_1_robot_camera.launch.py -> /home/jw/jw/2023-SS-ROS2-Lecture/install/maze_bot/share/maze_bot/launch
[0.602s] copying launch/rviz.launch.py -> /home/jw/jw/2023-SS-ROS2-Lecture/install/maze_bot/share/maze_bot/launch
[0.602s] copying launch/gazebo.launch.py -> /home/jw/jw/2023-SS-ROS2-Lecture/install/maze_bot/share/maze_bot/launch
[0.602s] copying launch/maze_2_robot_camera.launch.py -> /home/jw/jw/2023-SS-ROS2-Lecture/install/maze_bot/share/maze_bot/launch
[0.602s] creating /home/jw/jw/2023-SS-ROS2-Lecture/install/maze_bot/share/maze_bot/urdf
[0.602s] copying urdf/maze_bot.urdf -> /home/jw/jw/2023-SS-ROS2-Lecture/install/maze_bot/share/maze_bot/urdf
[0.602s] creating /home/jw/jw/2023-SS-ROS2-Lecture/install/maze_bot/share/maze_bot/meshes
[0.602s] copying meshes/front_caster.stl -> /home/jw/jw/2023-SS-ROS2-Lecture/install/maze_bot/share/maze_bot/meshes
[0.602s] copying meshes/base_link.stl -> /home/jw/jw/2023-SS-ROS2-Lecture/install/maze_bot/share/maze_bot/meshes
[0.602s] copying meshes/wheel_l.stl -> /home/jw/jw/2023-SS-ROS2-Lecture/install/maze_bot/share/maze_bot/meshes
[0.602s] copying meshes/wheel_r.stl -> /home/jw/jw/2023-SS-ROS2-Lecture/install/maze_bot/share/maze_bot/meshes
[0.602s] creating /home/jw/jw/2023-SS-ROS2-Lecture/install/maze_bot/share/maze_bot/worlds
[0.602s] copying worlds/maze_1.world -> /home/jw/jw/2023-SS-ROS2-Lecture/install/maze_bot/share/maze_bot/worlds
[0.602s] copying worlds/maze_2.world -> /home/jw/jw/2023-SS-ROS2-Lecture/install/maze_bot/share/maze_bot/worlds
[0.603s] running install_egg_info
[0.603s] Copying ../../build/maze_bot/maze_bot.egg-info to /home/jw/jw/2023-SS-ROS2-Lecture/install/maze_bot/lib/python3.10/site-packages/maze_bot-0.0.0-py3.10.egg-info
[0.604s] running install_scripts
[0.616s] Installing driving_node script to /home/jw/jw/2023-SS-ROS2-Lecture/install/maze_bot/lib/maze_bot
[0.616s] Installing go_to_goal script to /home/jw/jw/2023-SS-ROS2-Lecture/install/maze_bot/lib/maze_bot
[0.616s] Installing maze_solver script to /home/jw/jw/2023-SS-ROS2-Lecture/install/maze_bot/lib/maze_bot
[0.617s] Installing video_recorder script to /home/jw/jw/2023-SS-ROS2-Lecture/install/maze_bot/lib/maze_bot
[0.617s] writing list of installed files to '/home/jw/jw/2023-SS-ROS2-Lecture/build/maze_bot/install.log'
[0.633s] Invoked command in '/home/jw/jw/2023-SS-ROS2-Lecture/src/maze_bot' returned '0': PYTHONPATH=/home/jw/jw/2023-SS-ROS2-Lecture/build/maze_bot/prefix_override:/home/jw/jw/2023-SS-ROS2-Lecture/install/maze_bot/lib/python3.10/site-packages:${PYTHONPATH} /usr/bin/python3 setup.py egg_info --egg-base ../../build/maze_bot build --build-base /home/jw/jw/2023-SS-ROS2-Lecture/build/maze_bot/build install --record /home/jw/jw/2023-SS-ROS2-Lecture/build/maze_bot/install.log --single-version-externally-managed
