[1.683s] Invoking command in '/home/jw/jw/path_planning_ws/2023-SS-ROS2-Lecture/src/maze_bot': PYTHONPATH=/home/jw/jw/path_planning_ws/2023-SS-ROS2-Lecture/build/maze_bot/prefix_override:/home/jw/jw/path_planning_ws/2023-SS-ROS2-Lecture/install/maze_bot/lib/python3.10/site-packages:${PYTHONPATH} /usr/bin/python3 setup.py egg_info --egg-base ../../build/maze_bot build --build-base /home/jw/jw/path_planning_ws/2023-SS-ROS2-Lecture/build/maze_bot/build install --record /home/jw/jw/path_planning_ws/2023-SS-ROS2-Lecture/build/maze_bot/install.log --single-version-externally-managed
[2.331s] running egg_info
[2.334s] writing ../../build/maze_bot/maze_bot.egg-info/PKG-INFO
[2.334s] writing dependency_links to ../../build/maze_bot/maze_bot.egg-info/dependency_links.txt
[2.335s] writing entry points to ../../build/maze_bot/maze_bot.egg-info/entry_points.txt
[2.335s] writing requirements to ../../build/maze_bot/maze_bot.egg-info/requires.txt
[2.336s] writing top-level names to ../../build/maze_bot/maze_bot.egg-info/top_level.txt
[2.341s] reading manifest file '../../build/maze_bot/maze_bot.egg-info/SOURCES.txt'
[2.343s] writing manifest file '../../build/maze_bot/maze_bot.egg-info/SOURCES.txt'
[2.344s] running build
[2.344s] running build_py
[2.344s] copying maze_bot/bot_mapping.py -> /home/jw/jw/path_planning_ws/2023-SS-ROS2-Lecture/build/maze_bot/build/lib/maze_bot
[2.345s] copying maze_bot/maze_solver.py -> /home/jw/jw/path_planning_ws/2023-SS-ROS2-Lecture/build/maze_bot/build/lib/maze_bot
[2.345s] copying maze_bot/bot_pathplanning.py -> /home/jw/jw/path_planning_ws/2023-SS-ROS2-Lecture/build/maze_bot/build/lib/maze_bot
[2.346s] running install
[2.347s] running install_lib
[2.349s] copying /home/jw/jw/path_planning_ws/2023-SS-ROS2-Lecture/build/maze_bot/build/lib/maze_bot/bot_mapping.py -> /home/jw/jw/path_planning_ws/2023-SS-ROS2-Lecture/install/maze_bot/lib/python3.10/site-packages/maze_bot
[2.349s] copying /home/jw/jw/path_planning_ws/2023-SS-ROS2-Lecture/build/maze_bot/build/lib/maze_bot/maze_solver.py -> /home/jw/jw/path_planning_ws/2023-SS-ROS2-Lecture/install/maze_bot/lib/python3.10/site-packages/maze_bot
[2.350s] copying /home/jw/jw/path_planning_ws/2023-SS-ROS2-Lecture/build/maze_bot/build/lib/maze_bot/bot_pathplanning.py -> /home/jw/jw/path_planning_ws/2023-SS-ROS2-Lecture/install/maze_bot/lib/python3.10/site-packages/maze_bot
[2.352s] byte-compiling /home/jw/jw/path_planning_ws/2023-SS-ROS2-Lecture/install/maze_bot/lib/python3.10/site-packages/maze_bot/bot_mapping.py to bot_mapping.cpython-310.pyc
[2.360s] byte-compiling /home/jw/jw/path_planning_ws/2023-SS-ROS2-Lecture/install/maze_bot/lib/python3.10/site-packages/maze_bot/maze_solver.py to maze_solver.cpython-310.pyc
[2.365s] byte-compiling /home/jw/jw/path_planning_ws/2023-SS-ROS2-Lecture/install/maze_bot/lib/python3.10/site-packages/maze_bot/bot_pathplanning.py to bot_pathplanning.cpython-310.pyc
[2.371s] running install_data
[2.373s] running install_egg_info
[2.377s] removing '/home/jw/jw/path_planning_ws/2023-SS-ROS2-Lecture/install/maze_bot/lib/python3.10/site-packages/maze_bot-0.0.0-py3.10.egg-info' (and everything under it)
[2.378s] Copying ../../build/maze_bot/maze_bot.egg-info to /home/jw/jw/path_planning_ws/2023-SS-ROS2-Lecture/install/maze_bot/lib/python3.10/site-packages/maze_bot-0.0.0-py3.10.egg-info
[2.380s] running install_scripts
[2.431s] Installing driving_node script to /home/jw/jw/path_planning_ws/2023-SS-ROS2-Lecture/install/maze_bot/lib/maze_bot
[2.432s] Installing go_to_goal script to /home/jw/jw/path_planning_ws/2023-SS-ROS2-Lecture/install/maze_bot/lib/maze_bot
[2.432s] Installing maze_solver script to /home/jw/jw/path_planning_ws/2023-SS-ROS2-Lecture/install/maze_bot/lib/maze_bot
[2.432s] Installing video_recorder script to /home/jw/jw/path_planning_ws/2023-SS-ROS2-Lecture/install/maze_bot/lib/maze_bot
[2.433s] writing list of installed files to '/home/jw/jw/path_planning_ws/2023-SS-ROS2-Lecture/build/maze_bot/install.log'
[2.492s] Invoked command in '/home/jw/jw/path_planning_ws/2023-SS-ROS2-Lecture/src/maze_bot' returned '0': PYTHONPATH=/home/jw/jw/path_planning_ws/2023-SS-ROS2-Lecture/build/maze_bot/prefix_override:/home/jw/jw/path_planning_ws/2023-SS-ROS2-Lecture/install/maze_bot/lib/python3.10/site-packages:${PYTHONPATH} /usr/bin/python3 setup.py egg_info --egg-base ../../build/maze_bot build --build-base /home/jw/jw/path_planning_ws/2023-SS-ROS2-Lecture/build/maze_bot/build install --record /home/jw/jw/path_planning_ws/2023-SS-ROS2-Lecture/build/maze_bot/install.log --single-version-externally-managed
