[0.766s] DEBUG:colcon:Command line arguments: ['/usr/bin/colcon', 'list', '-p', '--base-paths', '/home/jw/jw/path_planning_ws/2023-SS-ROS2-Lecture']
[0.766s] DEBUG:colcon:Parsed command line arguments: Namespace(log_base=None, log_level=None, verb_name='list', build_base='build', ignore_user_meta=False, metas=['./colcon.meta'], base_paths=['/home/jw/jw/path_planning_ws/2023-SS-ROS2-Lecture'], packages_ignore=None, packages_ignore_regex=None, paths=None, packages_up_to=None, packages_up_to_regex=None, packages_above=None, packages_above_and_dependencies=None, packages_above_depth=None, packages_select_by_dep=None, packages_skip_by_dep=None, packages_skip_up_to=None, packages_select_build_failed=False, packages_skip_build_finished=False, packages_select_test_failures=False, packages_skip_test_passed=False, packages_select=None, packages_skip=None, packages_select_regex=None, packages_skip_regex=None, packages_start=None, packages_end=None, allow_overriding=[], topological_order=False, names_only=False, paths_only=True, topological_graph=False, topological_graph_dot=False, topological_graph_density=False, topological_graph_legend=False, topological_graph_dot_cluster=False, topological_graph_dot_include_skipped=False, verb_parser=<colcon_defaults.argument_parser.defaults.DefaultArgumentsDecorator object at 0x7fb875bda5f0>, verb_extension=<colcon_package_information.verb.list.ListVerb object at 0x7fb875cf3130>, main=<bound method ListVerb.main of <colcon_package_information.verb.list.ListVerb object at 0x7fb875cf3130>>)
[0.836s] Level 1:colcon.colcon_core.package_discovery:discover_packages(colcon_meta) check parameters
[0.836s] Level 1:colcon.colcon_core.package_discovery:discover_packages(recursive) check parameters
[0.836s] Level 1:colcon.colcon_core.package_discovery:discover_packages(ignore) check parameters
[0.836s] Level 1:colcon.colcon_core.package_discovery:discover_packages(path) check parameters
[0.836s] Level 1:colcon.colcon_core.package_discovery:discover_packages(recursive) discover
[0.837s] INFO:colcon.colcon_core.package_discovery:Crawling recursively for packages in '/home/jw/jw/path_planning_ws/2023-SS-ROS2-Lecture'
[0.837s] Level 1:colcon.colcon_core.package_identification:_identify(/home/jw/jw/path_planning_ws/2023-SS-ROS2-Lecture) by extensions ['ignore', 'ignore_ament_install']
[0.837s] Level 1:colcon.colcon_core.package_identification:_identify(/home/jw/jw/path_planning_ws/2023-SS-ROS2-Lecture) by extension 'ignore'
[0.837s] Level 1:colcon.colcon_core.package_identification:_identify(/home/jw/jw/path_planning_ws/2023-SS-ROS2-Lecture) by extension 'ignore_ament_install'
[0.837s] Level 1:colcon.colcon_core.package_identification:_identify(/home/jw/jw/path_planning_ws/2023-SS-ROS2-Lecture) by extensions ['colcon_pkg']
[0.837s] Level 1:colcon.colcon_core.package_identification:_identify(/home/jw/jw/path_planning_ws/2023-SS-ROS2-Lecture) by extension 'colcon_pkg'
[0.838s] Level 1:colcon.colcon_core.package_identification:_identify(/home/jw/jw/path_planning_ws/2023-SS-ROS2-Lecture) by extensions ['colcon_meta']
[0.838s] Level 1:colcon.colcon_core.package_identification:_identify(/home/jw/jw/path_planning_ws/2023-SS-ROS2-Lecture) by extension 'colcon_meta'
[0.838s] Level 1:colcon.colcon_core.package_identification:_identify(/home/jw/jw/path_planning_ws/2023-SS-ROS2-Lecture) by extensions ['ros']
[0.838s] Level 1:colcon.colcon_core.package_identification:_identify(/home/jw/jw/path_planning_ws/2023-SS-ROS2-Lecture) by extension 'ros'
[0.862s] Level 1:colcon.colcon_core.package_identification:_identify(/home/jw/jw/path_planning_ws/2023-SS-ROS2-Lecture) by extensions ['cmake', 'python']
[0.862s] Level 1:colcon.colcon_core.package_identification:_identify(/home/jw/jw/path_planning_ws/2023-SS-ROS2-Lecture) by extension 'cmake'
[0.862s] Level 1:colcon.colcon_core.package_identification:_identify(/home/jw/jw/path_planning_ws/2023-SS-ROS2-Lecture) by extension 'python'
[0.862s] Level 1:colcon.colcon_core.package_identification:_identify(/home/jw/jw/path_planning_ws/2023-SS-ROS2-Lecture) by extensions ['python_setup_py']
[0.862s] Level 1:colcon.colcon_core.package_identification:_identify(/home/jw/jw/path_planning_ws/2023-SS-ROS2-Lecture) by extension 'python_setup_py'
[0.863s] Level 1:colcon.colcon_core.package_identification:_identify(/home/jw/jw/path_planning_ws/2023-SS-ROS2-Lecture/build) by extensions ['ignore', 'ignore_ament_install']
[0.863s] Level 1:colcon.colcon_core.package_identification:_identify(/home/jw/jw/path_planning_ws/2023-SS-ROS2-Lecture/build) by extension 'ignore'
[0.864s] Level 1:colcon.colcon_core.package_identification:_identify(/home/jw/jw/path_planning_ws/2023-SS-ROS2-Lecture/build) ignored
[0.864s] Level 1:colcon.colcon_core.package_identification:_identify(/home/jw/jw/path_planning_ws/2023-SS-ROS2-Lecture/install) by extensions ['ignore', 'ignore_ament_install']
[0.864s] Level 1:colcon.colcon_core.package_identification:_identify(/home/jw/jw/path_planning_ws/2023-SS-ROS2-Lecture/install) by extension 'ignore'
[0.864s] Level 1:colcon.colcon_core.package_identification:_identify(/home/jw/jw/path_planning_ws/2023-SS-ROS2-Lecture/install) ignored
[0.864s] Level 1:colcon.colcon_core.package_identification:_identify(/home/jw/jw/path_planning_ws/2023-SS-ROS2-Lecture/log) by extensions ['ignore', 'ignore_ament_install']
[0.865s] Level 1:colcon.colcon_core.package_identification:_identify(/home/jw/jw/path_planning_ws/2023-SS-ROS2-Lecture/log) by extension 'ignore'
[0.865s] Level 1:colcon.colcon_core.package_identification:_identify(/home/jw/jw/path_planning_ws/2023-SS-ROS2-Lecture/log) ignored
[0.865s] Level 1:colcon.colcon_core.package_identification:_identify(/home/jw/jw/path_planning_ws/2023-SS-ROS2-Lecture/src) by extensions ['ignore', 'ignore_ament_install']
[0.865s] Level 1:colcon.colcon_core.package_identification:_identify(/home/jw/jw/path_planning_ws/2023-SS-ROS2-Lecture/src) by extension 'ignore'
[0.865s] Level 1:colcon.colcon_core.package_identification:_identify(/home/jw/jw/path_planning_ws/2023-SS-ROS2-Lecture/src) by extension 'ignore_ament_install'
[0.865s] Level 1:colcon.colcon_core.package_identification:_identify(/home/jw/jw/path_planning_ws/2023-SS-ROS2-Lecture/src) by extensions ['colcon_pkg']
[0.865s] Level 1:colcon.colcon_core.package_identification:_identify(/home/jw/jw/path_planning_ws/2023-SS-ROS2-Lecture/src) by extension 'colcon_pkg'
[0.866s] Level 1:colcon.colcon_core.package_identification:_identify(/home/jw/jw/path_planning_ws/2023-SS-ROS2-Lecture/src) by extensions ['colcon_meta']
[0.866s] Level 1:colcon.colcon_core.package_identification:_identify(/home/jw/jw/path_planning_ws/2023-SS-ROS2-Lecture/src) by extension 'colcon_meta'
[0.866s] Level 1:colcon.colcon_core.package_identification:_identify(/home/jw/jw/path_planning_ws/2023-SS-ROS2-Lecture/src) by extensions ['ros']
[0.866s] Level 1:colcon.colcon_core.package_identification:_identify(/home/jw/jw/path_planning_ws/2023-SS-ROS2-Lecture/src) by extension 'ros'
[0.866s] Level 1:colcon.colcon_core.package_identification:_identify(/home/jw/jw/path_planning_ws/2023-SS-ROS2-Lecture/src) by extensions ['cmake', 'python']
[0.866s] Level 1:colcon.colcon_core.package_identification:_identify(/home/jw/jw/path_planning_ws/2023-SS-ROS2-Lecture/src) by extension 'cmake'
[0.866s] Level 1:colcon.colcon_core.package_identification:_identify(/home/jw/jw/path_planning_ws/2023-SS-ROS2-Lecture/src) by extension 'python'
[0.866s] Level 1:colcon.colcon_core.package_identification:_identify(/home/jw/jw/path_planning_ws/2023-SS-ROS2-Lecture/src) by extensions ['python_setup_py']
[0.866s] Level 1:colcon.colcon_core.package_identification:_identify(/home/jw/jw/path_planning_ws/2023-SS-ROS2-Lecture/src) by extension 'python_setup_py'
[0.867s] Level 1:colcon.colcon_core.package_identification:_identify(/home/jw/jw/path_planning_ws/2023-SS-ROS2-Lecture/src/maze_bot) by extensions ['ignore', 'ignore_ament_install']
[0.867s] Level 1:colcon.colcon_core.package_identification:_identify(/home/jw/jw/path_planning_ws/2023-SS-ROS2-Lecture/src/maze_bot) by extension 'ignore'
[0.867s] Level 1:colcon.colcon_core.package_identification:_identify(/home/jw/jw/path_planning_ws/2023-SS-ROS2-Lecture/src/maze_bot) by extension 'ignore_ament_install'
[0.867s] Level 1:colcon.colcon_core.package_identification:_identify(/home/jw/jw/path_planning_ws/2023-SS-ROS2-Lecture/src/maze_bot) by extensions ['colcon_pkg']
[0.867s] Level 1:colcon.colcon_core.package_identification:_identify(/home/jw/jw/path_planning_ws/2023-SS-ROS2-Lecture/src/maze_bot) by extension 'colcon_pkg'
[0.867s] Level 1:colcon.colcon_core.package_identification:_identify(/home/jw/jw/path_planning_ws/2023-SS-ROS2-Lecture/src/maze_bot) by extensions ['colcon_meta']
[0.867s] Level 1:colcon.colcon_core.package_identification:_identify(/home/jw/jw/path_planning_ws/2023-SS-ROS2-Lecture/src/maze_bot) by extension 'colcon_meta'
[0.867s] Level 1:colcon.colcon_core.package_identification:_identify(/home/jw/jw/path_planning_ws/2023-SS-ROS2-Lecture/src/maze_bot) by extensions ['ros']
[0.867s] Level 1:colcon.colcon_core.package_identification:_identify(/home/jw/jw/path_planning_ws/2023-SS-ROS2-Lecture/src/maze_bot) by extension 'ros'
[0.873s] DEBUG:colcon.colcon_core.package_identification:Package '/home/jw/jw/path_planning_ws/2023-SS-ROS2-Lecture/src/maze_bot' with type 'ros.ament_python' and name 'maze_bot'
[0.873s] Level 1:colcon.colcon_core.package_discovery:discover_packages(recursive) using defaults
