running develop
Removing /home/jw/jw/2023-SS-ROS2-Lecture/install/maze_bot/lib/python3.10/site-packages/maze-bot.egg-link (link to .)
running egg_info
writing ../../build/maze_bot/maze_bot.egg-info/PKG-INFO
writing dependency_links to ../../build/maze_bot/maze_bot.egg-info/dependency_links.txt
writing entry points to ../../build/maze_bot/maze_bot.egg-info/entry_points.txt
writing requirements to ../../build/maze_bot/maze_bot.egg-info/requires.txt
writing top-level names to ../../build/maze_bot/maze_bot.egg-info/top_level.txt
reading manifest file '../../build/maze_bot/maze_bot.egg-info/SOURCES.txt'
writing manifest file '../../build/maze_bot/maze_bot.egg-info/SOURCES.txt'
running build
running build_py
copying maze_bot/bot_pathplanning.py -> /home/jw/jw/2023-SS-ROS2-Lecture/build/maze_bot/build/lib/maze_bot
running install
running install_lib
copying /home/jw/jw/2023-SS-ROS2-Lecture/build/maze_bot/build/lib/maze_bot/bot_mapping.py -> /home/jw/jw/2023-SS-ROS2-Lecture/install/maze_bot/lib/python3.10/site-packages/maze_bot
copying /home/jw/jw/2023-SS-ROS2-Lecture/build/maze_bot/build/lib/maze_bot/config.py -> /home/jw/jw/2023-SS-ROS2-Lecture/install/maze_bot/lib/python3.10/site-packages/maze_bot
copying /home/jw/jw/2023-SS-ROS2-Lecture/build/maze_bot/build/lib/maze_bot/test_mapping.py -> /home/jw/jw/2023-SS-ROS2-Lecture/install/maze_bot/lib/python3.10/site-packages/maze_bot
copying /home/jw/jw/2023-SS-ROS2-Lecture/build/maze_bot/build/lib/maze_bot/maze_solver.py -> /home/jw/jw/2023-SS-ROS2-Lecture/install/maze_bot/lib/python3.10/site-packages/maze_bot
copying /home/jw/jw/2023-SS-ROS2-Lecture/build/maze_bot/build/lib/maze_bot/bot_pathplanning.py -> /home/jw/jw/2023-SS-ROS2-Lecture/install/maze_bot/lib/python3.10/site-packages/maze_bot
copying /home/jw/jw/2023-SS-ROS2-Lecture/build/maze_bot/build/lib/maze_bot/bot_localization.py -> /home/jw/jw/2023-SS-ROS2-Lecture/install/maze_bot/lib/python3.10/site-packages/maze_bot
copying /home/jw/jw/2023-SS-ROS2-Lecture/build/maze_bot/build/lib/maze_bot/__init__.py -> /home/jw/jw/2023-SS-ROS2-Lecture/install/maze_bot/lib/python3.10/site-packages/maze_bot
copying /home/jw/jw/2023-SS-ROS2-Lecture/build/maze_bot/build/lib/maze_bot/utilities.py -> /home/jw/jw/2023-SS-ROS2-Lecture/install/maze_bot/lib/python3.10/site-packages/maze_bot
byte-compiling /home/jw/jw/2023-SS-ROS2-Lecture/install/maze_bot/lib/python3.10/site-packages/maze_bot/bot_mapping.py to bot_mapping.cpython-310.pyc
byte-compiling /home/jw/jw/2023-SS-ROS2-Lecture/install/maze_bot/lib/python3.10/site-packages/maze_bot/config.py to config.cpython-310.pyc
byte-compiling /home/jw/jw/2023-SS-ROS2-Lecture/install/maze_bot/lib/python3.10/site-packages/maze_bot/test_mapping.py to test_mapping.cpython-310.pyc
byte-compiling /home/jw/jw/2023-SS-ROS2-Lecture/install/maze_bot/lib/python3.10/site-packages/maze_bot/maze_solver.py to maze_solver.cpython-310.pyc
byte-compiling /home/jw/jw/2023-SS-ROS2-Lecture/install/maze_bot/lib/python3.10/site-packages/maze_bot/bot_pathplanning.py to bot_pathplanning.cpython-310.pyc
byte-compiling /home/jw/jw/2023-SS-ROS2-Lecture/install/maze_bot/lib/python3.10/site-packages/maze_bot/bot_localization.py to bot_localization.cpython-310.pyc
byte-compiling /home/jw/jw/2023-SS-ROS2-Lecture/install/maze_bot/lib/python3.10/site-packages/maze_bot/__init__.py to __init__.cpython-310.pyc
byte-compiling /home/jw/jw/2023-SS-ROS2-Lecture/install/maze_bot/lib/python3.10/site-packages/maze_bot/utilities.py to utilities.cpython-310.pyc
running install_data
running install_egg_info
Copying ../../build/maze_bot/maze_bot.egg-info to /home/jw/jw/2023-SS-ROS2-Lecture/install/maze_bot/lib/python3.10/site-packages/maze_bot-0.0.0-py3.10.egg-info
running install_scripts
Installing driving_node script to /home/jw/jw/2023-SS-ROS2-Lecture/install/maze_bot/lib/maze_bot
Installing go_to_goal script to /home/jw/jw/2023-SS-ROS2-Lecture/install/maze_bot/lib/maze_bot
Installing maze_solver script to /home/jw/jw/2023-SS-ROS2-Lecture/install/maze_bot/lib/maze_bot
Installing video_recorder script to /home/jw/jw/2023-SS-ROS2-Lecture/install/maze_bot/lib/maze_bot
writing list of installed files to '/home/jw/jw/2023-SS-ROS2-Lecture/build/maze_bot/install.log'
