/home/jw/jw/2023-SS-ROS2-Lecture/install/maze_bot/lib/python3.10/site-packages/maze_bot/bot_mapping.py
/home/jw/jw/2023-SS-ROS2-Lecture/install/maze_bot/lib/python3.10/site-packages/maze_bot/config.py
/home/jw/jw/2023-SS-ROS2-Lecture/install/maze_bot/lib/python3.10/site-packages/maze_bot/test_mapping.py
/home/jw/jw/2023-SS-ROS2-Lecture/install/maze_bot/lib/python3.10/site-packages/maze_bot/maze_solver.py
/home/jw/jw/2023-SS-ROS2-Lecture/install/maze_bot/lib/python3.10/site-packages/maze_bot/bot_pathplanning.py
/home/jw/jw/2023-SS-ROS2-Lecture/install/maze_bot/lib/python3.10/site-packages/maze_bot/bot_localization.py
/home/jw/jw/2023-SS-ROS2-Lecture/install/maze_bot/lib/python3.10/site-packages/maze_bot/__init__.py
/home/jw/jw/2023-SS-ROS2-Lecture/install/maze_bot/lib/python3.10/site-packages/maze_bot/utilities.py
/home/jw/jw/2023-SS-ROS2-Lecture/install/maze_bot/lib/python3.10/site-packages/maze_bot/__pycache__/bot_mapping.cpython-310.pyc
/home/jw/jw/2023-SS-ROS2-Lecture/install/maze_bot/lib/python3.10/site-packages/maze_bot/__pycache__/config.cpython-310.pyc
/home/jw/jw/2023-SS-ROS2-Lecture/install/maze_bot/lib/python3.10/site-packages/maze_bot/__pycache__/test_mapping.cpython-310.pyc
/home/jw/jw/2023-SS-ROS2-Lecture/install/maze_bot/lib/python3.10/site-packages/maze_bot/__pycache__/maze_solver.cpython-310.pyc
/home/jw/jw/2023-SS-ROS2-Lecture/install/maze_bot/lib/python3.10/site-packages/maze_bot/__pycache__/bot_pathplanning.cpython-310.pyc
/home/jw/jw/2023-SS-ROS2-Lecture/install/maze_bot/lib/python3.10/site-packages/maze_bot/__pycache__/bot_localization.cpython-310.pyc
/home/jw/jw/2023-SS-ROS2-Lecture/install/maze_bot/lib/python3.10/site-packages/maze_bot/__pycache__/__init__.cpython-310.pyc
/home/jw/jw/2023-SS-ROS2-Lecture/install/maze_bot/lib/python3.10/site-packages/maze_bot/__pycache__/utilities.cpython-310.pyc
/home/jw/jw/2023-SS-ROS2-Lecture/install/maze_bot/share/ament_index/resource_index/packages/maze_bot
/home/jw/jw/2023-SS-ROS2-Lecture/install/maze_bot/share/maze_bot/package.xml
/home/jw/jw/2023-SS-ROS2-Lecture/install/maze_bot/share/maze_bot/launch/maze_1_robot_camera.launch.py
/home/jw/jw/2023-SS-ROS2-Lecture/install/maze_bot/share/maze_bot/launch/rviz.launch.py
/home/jw/jw/2023-SS-ROS2-Lecture/install/maze_bot/share/maze_bot/launch/gazebo.launch.py
/home/jw/jw/2023-SS-ROS2-Lecture/install/maze_bot/share/maze_bot/launch/maze_2_robot_camera.launch.py
/home/jw/jw/2023-SS-ROS2-Lecture/install/maze_bot/share/maze_bot/urdf/maze_bot.urdf
/home/jw/jw/2023-SS-ROS2-Lecture/install/maze_bot/share/maze_bot/meshes/front_caster.stl
/home/jw/jw/2023-SS-ROS2-Lecture/install/maze_bot/share/maze_bot/meshes/base_link.stl
/home/jw/jw/2023-SS-ROS2-Lecture/install/maze_bot/share/maze_bot/meshes/wheel_l.stl
/home/jw/jw/2023-SS-ROS2-Lecture/install/maze_bot/share/maze_bot/meshes/wheel_r.stl
/home/jw/jw/2023-SS-ROS2-Lecture/install/maze_bot/share/maze_bot/worlds/maze_1.world
/home/jw/jw/2023-SS-ROS2-Lecture/install/maze_bot/share/maze_bot/worlds/maze_2.world
/home/jw/jw/2023-SS-ROS2-Lecture/install/maze_bot/lib/python3.10/site-packages/maze_bot-0.0.0-py3.10.egg-info/top_level.txt
/home/jw/jw/2023-SS-ROS2-Lecture/install/maze_bot/lib/python3.10/site-packages/maze_bot-0.0.0-py3.10.egg-info/dependency_links.txt
/home/jw/jw/2023-SS-ROS2-Lecture/install/maze_bot/lib/python3.10/site-packages/maze_bot-0.0.0-py3.10.egg-info/SOURCES.txt
/home/jw/jw/2023-SS-ROS2-Lecture/install/maze_bot/lib/python3.10/site-packages/maze_bot-0.0.0-py3.10.egg-info/PKG-INFO
/home/jw/jw/2023-SS-ROS2-Lecture/install/maze_bot/lib/python3.10/site-packages/maze_bot-0.0.0-py3.10.egg-info/requires.txt
/home/jw/jw/2023-SS-ROS2-Lecture/install/maze_bot/lib/python3.10/site-packages/maze_bot-0.0.0-py3.10.egg-info/zip-safe
/home/jw/jw/2023-SS-ROS2-Lecture/install/maze_bot/lib/python3.10/site-packages/maze_bot-0.0.0-py3.10.egg-info/entry_points.txt
/home/jw/jw/2023-SS-ROS2-Lecture/install/maze_bot/lib/maze_bot/driving_node
/home/jw/jw/2023-SS-ROS2-Lecture/install/maze_bot/lib/maze_bot/go_to_goal
/home/jw/jw/2023-SS-ROS2-Lecture/install/maze_bot/lib/maze_bot/maze_solver
/home/jw/jw/2023-SS-ROS2-Lecture/install/maze_bot/lib/maze_bot/video_recorder
