[0.857s] DEBUG:colcon:Command line arguments: ['/usr/bin/colcon', 'build']
[0.858s] DEBUG:colcon:Parsed command line arguments: Namespace(log_base=None, log_level=None, verb_name='build', build_base='build', install_base='install', merge_install=False, symlink_install=False, test_result_base=None, continue_on_error=False, executor='parallel', parallel_workers=8, event_handlers=None, ignore_user_meta=False, metas=['./colcon.meta'], base_paths=['.'], packages_ignore=None, packages_ignore_regex=None, paths=None, packages_up_to=None, packages_up_to_regex=None, packages_above=None, packages_above_and_dependencies=None, packages_above_depth=None, packages_select_by_dep=None, packages_skip_by_dep=None, packages_skip_up_to=None, packages_select_build_failed=False, packages_skip_build_finished=False, packages_select_test_failures=False, packages_skip_test_passed=False, packages_select=None, packages_skip=None, packages_select_regex=None, packages_skip_regex=None, packages_start=None, packages_end=None, allow_overriding=[], cmake_args=None, cmake_target=None, cmake_target_skip_unavailable=False, cmake_clean_cache=False, cmake_clean_first=False, cmake_force_configure=False, ament_cmake_args=None, catkin_cmake_args=None, catkin_skip_building_tests=False, verb_parser=<colcon_defaults.argument_parser.defaults.DefaultArgumentsDecorator object at 0x7f0a3addd990>, verb_extension=<colcon_core.verb.build.BuildVerb object at 0x7f0a3addd420>, main=<bound method BuildVerb.main of <colcon_core.verb.build.BuildVerb object at 0x7f0a3addd420>>)
[0.915s] Level 1:colcon.colcon_core.package_discovery:discover_packages(colcon_meta) check parameters
[0.915s] Level 1:colcon.colcon_core.package_discovery:discover_packages(recursive) check parameters
[0.915s] Level 1:colcon.colcon_core.package_discovery:discover_packages(ignore) check parameters
[0.915s] Level 1:colcon.colcon_core.package_discovery:discover_packages(path) check parameters
[0.915s] Level 1:colcon.colcon_core.package_discovery:discover_packages(colcon_meta) discover
[0.915s] Level 1:colcon.colcon_core.package_discovery:discover_packages(recursive) discover
[0.915s] INFO:colcon.colcon_core.package_discovery:Crawling recursively for packages in '/home/jw/jw/path_planning_ws/2023-SS-ROS2-Lecture'
[0.916s] Level 1:colcon.colcon_core.package_identification:_identify(.) by extensions ['ignore', 'ignore_ament_install']
[0.916s] Level 1:colcon.colcon_core.package_identification:_identify(.) by extension 'ignore'
[0.916s] Level 1:colcon.colcon_core.package_identification:_identify(.) by extension 'ignore_ament_install'
[0.916s] Level 1:colcon.colcon_core.package_identification:_identify(.) by extensions ['colcon_pkg']
[0.916s] Level 1:colcon.colcon_core.package_identification:_identify(.) by extension 'colcon_pkg'
[0.916s] Level 1:colcon.colcon_core.package_identification:_identify(.) by extensions ['colcon_meta']
[0.917s] Level 1:colcon.colcon_core.package_identification:_identify(.) by extension 'colcon_meta'
[0.917s] Level 1:colcon.colcon_core.package_identification:_identify(.) by extensions ['ros']
[0.917s] Level 1:colcon.colcon_core.package_identification:_identify(.) by extension 'ros'
[0.943s] Level 1:colcon.colcon_core.package_identification:_identify(.) by extensions ['cmake', 'python']
[0.943s] Level 1:colcon.colcon_core.package_identification:_identify(.) by extension 'cmake'
[0.943s] Level 1:colcon.colcon_core.package_identification:_identify(.) by extension 'python'
[0.943s] Level 1:colcon.colcon_core.package_identification:_identify(.) by extensions ['python_setup_py']
[0.943s] Level 1:colcon.colcon_core.package_identification:_identify(.) by extension 'python_setup_py'
[0.943s] Level 1:colcon.colcon_core.package_identification:_identify(build) by extensions ['ignore', 'ignore_ament_install']
[0.943s] Level 1:colcon.colcon_core.package_identification:_identify(build) by extension 'ignore'
[0.944s] Level 1:colcon.colcon_core.package_identification:_identify(build) ignored
[0.944s] Level 1:colcon.colcon_core.package_identification:_identify(install) by extensions ['ignore', 'ignore_ament_install']
[0.944s] Level 1:colcon.colcon_core.package_identification:_identify(install) by extension 'ignore'
[0.944s] Level 1:colcon.colcon_core.package_identification:_identify(install) ignored
[0.944s] Level 1:colcon.colcon_core.package_identification:_identify(log) by extensions ['ignore', 'ignore_ament_install']
[0.945s] Level 1:colcon.colcon_core.package_identification:_identify(log) by extension 'ignore'
[0.945s] Level 1:colcon.colcon_core.package_identification:_identify(log) ignored
[0.945s] Level 1:colcon.colcon_core.package_identification:_identify(src) by extensions ['ignore', 'ignore_ament_install']
[0.945s] Level 1:colcon.colcon_core.package_identification:_identify(src) by extension 'ignore'
[0.945s] Level 1:colcon.colcon_core.package_identification:_identify(src) by extension 'ignore_ament_install'
[0.946s] Level 1:colcon.colcon_core.package_identification:_identify(src) by extensions ['colcon_pkg']
[0.946s] Level 1:colcon.colcon_core.package_identification:_identify(src) by extension 'colcon_pkg'
[0.946s] Level 1:colcon.colcon_core.package_identification:_identify(src) by extensions ['colcon_meta']
[0.946s] Level 1:colcon.colcon_core.package_identification:_identify(src) by extension 'colcon_meta'
[0.946s] Level 1:colcon.colcon_core.package_identification:_identify(src) by extensions ['ros']
[0.946s] Level 1:colcon.colcon_core.package_identification:_identify(src) by extension 'ros'
[0.946s] Level 1:colcon.colcon_core.package_identification:_identify(src) by extensions ['cmake', 'python']
[0.946s] Level 1:colcon.colcon_core.package_identification:_identify(src) by extension 'cmake'
[0.946s] Level 1:colcon.colcon_core.package_identification:_identify(src) by extension 'python'
[0.946s] Level 1:colcon.colcon_core.package_identification:_identify(src) by extensions ['python_setup_py']
[0.946s] Level 1:colcon.colcon_core.package_identification:_identify(src) by extension 'python_setup_py'
[0.947s] Level 1:colcon.colcon_core.package_identification:_identify(src/maze_bot) by extensions ['ignore', 'ignore_ament_install']
[0.947s] Level 1:colcon.colcon_core.package_identification:_identify(src/maze_bot) by extension 'ignore'
[0.947s] Level 1:colcon.colcon_core.package_identification:_identify(src/maze_bot) by extension 'ignore_ament_install'
[0.947s] Level 1:colcon.colcon_core.package_identification:_identify(src/maze_bot) by extensions ['colcon_pkg']
[0.947s] Level 1:colcon.colcon_core.package_identification:_identify(src/maze_bot) by extension 'colcon_pkg'
[0.947s] Level 1:colcon.colcon_core.package_identification:_identify(src/maze_bot) by extensions ['colcon_meta']
[0.947s] Level 1:colcon.colcon_core.package_identification:_identify(src/maze_bot) by extension 'colcon_meta'
[0.947s] Level 1:colcon.colcon_core.package_identification:_identify(src/maze_bot) by extensions ['ros']
[0.947s] Level 1:colcon.colcon_core.package_identification:_identify(src/maze_bot) by extension 'ros'
[0.953s] DEBUG:colcon.colcon_core.package_identification:Package 'src/maze_bot' with type 'ros.ament_python' and name 'maze_bot'
[0.953s] Level 1:colcon.colcon_core.package_discovery:discover_packages(recursive) using defaults
[0.954s] Level 1:colcon.colcon_core.package_discovery:discover_packages(ignore) discover
[0.954s] Level 1:colcon.colcon_core.package_discovery:discover_packages(ignore) using defaults
[0.954s] Level 1:colcon.colcon_core.package_discovery:discover_packages(path) discover
[0.954s] Level 1:colcon.colcon_core.package_discovery:discover_packages(path) using defaults
[1.006s] Level 1:colcon.colcon_core.package_discovery:discover_packages(prefix_path) check parameters
[1.006s] Level 1:colcon.colcon_core.package_discovery:discover_packages(prefix_path) discover
[1.012s] DEBUG:colcon.colcon_installed_package_information.package_discovery:Found 1 installed packages in /home/jw/jw/path_planning_ws/2023-SS-ROS2-Lecture/install
[1.017s] DEBUG:colcon.colcon_installed_package_information.package_discovery:Found 357 installed packages in /opt/ros/humble
[1.023s] Level 1:colcon.colcon_core.package_discovery:discover_packages(prefix_path) using defaults
[1.197s] Level 5:colcon.colcon_core.verb:set package 'maze_bot' build argument 'cmake_args' from command line to 'None'
[1.197s] Level 5:colcon.colcon_core.verb:set package 'maze_bot' build argument 'cmake_target' from command line to 'None'
[1.202s] Level 5:colcon.colcon_core.verb:set package 'maze_bot' build argument 'cmake_target_skip_unavailable' from command line to 'False'
[1.202s] Level 5:colcon.colcon_core.verb:set package 'maze_bot' build argument 'cmake_clean_cache' from command line to 'False'
[1.202s] Level 5:colcon.colcon_core.verb:set package 'maze_bot' build argument 'cmake_clean_first' from command line to 'False'
[1.202s] Level 5:colcon.colcon_core.verb:set package 'maze_bot' build argument 'cmake_force_configure' from command line to 'False'
[1.202s] Level 5:colcon.colcon_core.verb:set package 'maze_bot' build argument 'ament_cmake_args' from command line to 'None'
[1.203s] Level 5:colcon.colcon_core.verb:set package 'maze_bot' build argument 'catkin_cmake_args' from command line to 'None'
[1.203s] Level 5:colcon.colcon_core.verb:set package 'maze_bot' build argument 'catkin_skip_building_tests' from command line to 'False'
[1.203s] DEBUG:colcon.colcon_core.verb:Building package 'maze_bot' with the following arguments: {'ament_cmake_args': None, 'build_base': '/home/jw/jw/path_planning_ws/2023-SS-ROS2-Lecture/build/maze_bot', 'catkin_cmake_args': None, 'catkin_skip_building_tests': False, 'cmake_args': None, 'cmake_clean_cache': False, 'cmake_clean_first': False, 'cmake_force_configure': False, 'cmake_target': None, 'cmake_target_skip_unavailable': False, 'install_base': '/home/jw/jw/path_planning_ws/2023-SS-ROS2-Lecture/install/maze_bot', 'merge_install': False, 'path': '/home/jw/jw/path_planning_ws/2023-SS-ROS2-Lecture/src/maze_bot', 'symlink_install': False, 'test_result_base': None}
[1.204s] INFO:colcon.colcon_core.executor:Executing jobs using 'parallel' executor
[1.211s] DEBUG:colcon.colcon_parallel_executor.executor.parallel:run_until_complete
[1.212s] INFO:colcon.colcon_ros.task.ament_python.build:Building ROS package in '/home/jw/jw/path_planning_ws/2023-SS-ROS2-Lecture/src/maze_bot' with build type 'ament_python'
[1.212s] Level 1:colcon.colcon_core.shell:create_environment_hook('maze_bot', 'ament_prefix_path')
[1.222s] INFO:colcon.colcon_core.plugin_system:Skipping extension 'colcon_core.shell.bat': Not used on non-Windows systems
[1.223s] INFO:colcon.colcon_core.shell:Creating environment hook '/home/jw/jw/path_planning_ws/2023-SS-ROS2-Lecture/install/maze_bot/share/maze_bot/hook/ament_prefix_path.ps1'
[1.224s] INFO:colcon.colcon_core.shell:Creating environment descriptor '/home/jw/jw/path_planning_ws/2023-SS-ROS2-Lecture/install/maze_bot/share/maze_bot/hook/ament_prefix_path.dsv'
[1.225s] INFO:colcon.colcon_core.shell:Creating environment hook '/home/jw/jw/path_planning_ws/2023-SS-ROS2-Lecture/install/maze_bot/share/maze_bot/hook/ament_prefix_path.sh'
[1.230s] INFO:colcon.colcon_core.shell:Skip shell extension 'powershell' for command environment: Not usable outside of PowerShell
[1.230s] DEBUG:colcon.colcon_core.shell:Skip shell extension 'dsv' for command environment
[1.900s] INFO:colcon.colcon_core.task.python.build:Building Python package in '/home/jw/jw/path_planning_ws/2023-SS-ROS2-Lecture/src/maze_bot'
[1.904s] INFO:colcon.colcon_core.shell:Skip shell extension 'powershell' for command environment: Not usable outside of PowerShell
[1.904s] DEBUG:colcon.colcon_core.shell:Skip shell extension 'dsv' for command environment
[2.732s] DEBUG:colcon.colcon_core.event_handler.log_command:Invoking command in '/home/jw/jw/path_planning_ws/2023-SS-ROS2-Lecture/src/maze_bot': PYTHONPATH=/home/jw/jw/path_planning_ws/2023-SS-ROS2-Lecture/build/maze_bot/prefix_override:/home/jw/jw/path_planning_ws/2023-SS-ROS2-Lecture/install/maze_bot/lib/python3.10/site-packages:${PYTHONPATH} /usr/bin/python3 setup.py egg_info --egg-base ../../build/maze_bot build --build-base /home/jw/jw/path_planning_ws/2023-SS-ROS2-Lecture/build/maze_bot/build install --record /home/jw/jw/path_planning_ws/2023-SS-ROS2-Lecture/build/maze_bot/install.log --single-version-externally-managed
[3.465s] DEBUG:colcon.colcon_core.event_handler.log_command:Invoked command in '/home/jw/jw/path_planning_ws/2023-SS-ROS2-Lecture/src/maze_bot' returned '0': PYTHONPATH=/home/jw/jw/path_planning_ws/2023-SS-ROS2-Lecture/build/maze_bot/prefix_override:/home/jw/jw/path_planning_ws/2023-SS-ROS2-Lecture/install/maze_bot/lib/python3.10/site-packages:${PYTHONPATH} /usr/bin/python3 setup.py egg_info --egg-base ../../build/maze_bot build --build-base /home/jw/jw/path_planning_ws/2023-SS-ROS2-Lecture/build/maze_bot/build install --record /home/jw/jw/path_planning_ws/2023-SS-ROS2-Lecture/build/maze_bot/install.log --single-version-externally-managed
[3.474s] Level 1:colcon.colcon_core.environment:checking '/home/jw/jw/path_planning_ws/2023-SS-ROS2-Lecture/install/maze_bot' for CMake module files
[3.475s] Level 1:colcon.colcon_core.environment:checking '/home/jw/jw/path_planning_ws/2023-SS-ROS2-Lecture/install/maze_bot' for CMake config files
[3.476s] Level 1:colcon.colcon_core.environment:checking '/home/jw/jw/path_planning_ws/2023-SS-ROS2-Lecture/install/maze_bot/lib'
[3.477s] Level 1:colcon.colcon_core.environment:checking '/home/jw/jw/path_planning_ws/2023-SS-ROS2-Lecture/install/maze_bot/bin'
[3.477s] Level 1:colcon.colcon_core.environment:checking '/home/jw/jw/path_planning_ws/2023-SS-ROS2-Lecture/install/maze_bot/lib/pkgconfig/maze_bot.pc'
[3.477s] Level 1:colcon.colcon_core.environment:checking '/home/jw/jw/path_planning_ws/2023-SS-ROS2-Lecture/install/maze_bot/lib/python3.10/site-packages'
[3.477s] Level 1:colcon.colcon_core.shell:create_environment_hook('maze_bot', 'pythonpath')
[3.480s] INFO:colcon.colcon_core.shell:Creating environment hook '/home/jw/jw/path_planning_ws/2023-SS-ROS2-Lecture/install/maze_bot/share/maze_bot/hook/pythonpath.ps1'
[3.481s] INFO:colcon.colcon_core.shell:Creating environment descriptor '/home/jw/jw/path_planning_ws/2023-SS-ROS2-Lecture/install/maze_bot/share/maze_bot/hook/pythonpath.dsv'
[3.482s] INFO:colcon.colcon_core.shell:Creating environment hook '/home/jw/jw/path_planning_ws/2023-SS-ROS2-Lecture/install/maze_bot/share/maze_bot/hook/pythonpath.sh'
[3.483s] Level 1:colcon.colcon_core.environment:checking '/home/jw/jw/path_planning_ws/2023-SS-ROS2-Lecture/install/maze_bot/bin'
[3.483s] Level 1:colcon.colcon_core.environment:create_environment_scripts_only(maze_bot)
[3.486s] INFO:colcon.colcon_core.shell:Creating package script '/home/jw/jw/path_planning_ws/2023-SS-ROS2-Lecture/install/maze_bot/share/maze_bot/package.ps1'
[3.488s] INFO:colcon.colcon_core.shell:Creating package descriptor '/home/jw/jw/path_planning_ws/2023-SS-ROS2-Lecture/install/maze_bot/share/maze_bot/package.dsv'
[3.490s] INFO:colcon.colcon_core.shell:Creating package script '/home/jw/jw/path_planning_ws/2023-SS-ROS2-Lecture/install/maze_bot/share/maze_bot/package.sh'
[3.492s] INFO:colcon.colcon_core.shell:Creating package script '/home/jw/jw/path_planning_ws/2023-SS-ROS2-Lecture/install/maze_bot/share/maze_bot/package.bash'
[3.494s] INFO:colcon.colcon_core.shell:Creating package script '/home/jw/jw/path_planning_ws/2023-SS-ROS2-Lecture/install/maze_bot/share/maze_bot/package.zsh'
[3.495s] Level 1:colcon.colcon_core.environment:create_file_with_runtime_dependencies(/home/jw/jw/path_planning_ws/2023-SS-ROS2-Lecture/install/maze_bot/share/colcon-core/packages/maze_bot)
[3.496s] DEBUG:colcon.colcon_parallel_executor.executor.parallel:closing loop
[3.497s] DEBUG:colcon.colcon_parallel_executor.executor.parallel:loop closed
[3.497s] DEBUG:colcon.colcon_parallel_executor.executor.parallel:run_until_complete finished with '0'
[3.497s] DEBUG:colcon.colcon_core.event_reactor:joining thread
[3.507s] INFO:colcon.colcon_core.plugin_system:Skipping extension 'colcon_notification.desktop_notification.terminal_notifier': Not used on non-Darwin systems
[3.508s] INFO:colcon.colcon_core.plugin_system:Skipping extension 'colcon_notification.desktop_notification.win32': Not used on non-Windows systems
[3.508s] INFO:colcon.colcon_notification.desktop_notification:Sending desktop notification using 'notify2'
[3.533s] DEBUG:colcon.colcon_core.event_reactor:joined thread
[3.537s] INFO:colcon.colcon_core.shell:Creating prefix script '/home/jw/jw/path_planning_ws/2023-SS-ROS2-Lecture/install/local_setup.ps1'
[3.539s] INFO:colcon.colcon_core.shell:Creating prefix util module '/home/jw/jw/path_planning_ws/2023-SS-ROS2-Lecture/install/_local_setup_util_ps1.py'
[3.543s] INFO:colcon.colcon_core.shell:Creating prefix chain script '/home/jw/jw/path_planning_ws/2023-SS-ROS2-Lecture/install/setup.ps1'
[3.546s] INFO:colcon.colcon_core.shell:Creating prefix script '/home/jw/jw/path_planning_ws/2023-SS-ROS2-Lecture/install/local_setup.sh'
[3.548s] INFO:colcon.colcon_core.shell:Creating prefix util module '/home/jw/jw/path_planning_ws/2023-SS-ROS2-Lecture/install/_local_setup_util_sh.py'
[3.549s] INFO:colcon.colcon_core.shell:Creating prefix chain script '/home/jw/jw/path_planning_ws/2023-SS-ROS2-Lecture/install/setup.sh'
[3.553s] INFO:colcon.colcon_core.shell:Creating prefix script '/home/jw/jw/path_planning_ws/2023-SS-ROS2-Lecture/install/local_setup.bash'
[3.556s] INFO:colcon.colcon_core.shell:Creating prefix chain script '/home/jw/jw/path_planning_ws/2023-SS-ROS2-Lecture/install/setup.bash'
[3.559s] INFO:colcon.colcon_core.shell:Creating prefix script '/home/jw/jw/path_planning_ws/2023-SS-ROS2-Lecture/install/local_setup.zsh'
[3.560s] INFO:colcon.colcon_core.shell:Creating prefix chain script '/home/jw/jw/path_planning_ws/2023-SS-ROS2-Lecture/install/setup.zsh'
