[0.490s] Invoking command in '/home/jw/jw/2023-SS-ROS2-Lecture/src/maze_bot': PYTHONPATH=/home/jw/jw/2023-SS-ROS2-Lecture/build/maze_bot/prefix_override:/home/jw/jw/2023-SS-ROS2-Lecture/install/maze_bot/lib/python3.10/site-packages:${PYTHONPATH} /usr/bin/python3 setup.py egg_info --egg-base ../../build/maze_bot build --build-base /home/jw/jw/2023-SS-ROS2-Lecture/build/maze_bot/build install --record /home/jw/jw/2023-SS-ROS2-Lecture/build/maze_bot/install.log --single-version-externally-managed
[0.694s] running egg_info
[0.695s] writing ../../build/maze_bot/maze_bot.egg-info/PKG-INFO
[0.695s] writing dependency_links to ../../build/maze_bot/maze_bot.egg-info/dependency_links.txt
[0.695s] writing entry points to ../../build/maze_bot/maze_bot.egg-info/entry_points.txt
[0.695s] writing requirements to ../../build/maze_bot/maze_bot.egg-info/requires.txt
[0.695s] writing top-level names to ../../build/maze_bot/maze_bot.egg-info/top_level.txt
[0.697s] reading manifest file '../../build/maze_bot/maze_bot.egg-info/SOURCES.txt'
[0.698s] writing manifest file '../../build/maze_bot/maze_bot.egg-info/SOURCES.txt'
[0.698s] running build
[0.698s] running build_py
[0.698s] copying maze_bot/bot_mapping.py -> /home/jw/jw/2023-SS-ROS2-Lecture/build/maze_bot/build/lib/maze_bot
[0.699s] copying maze_bot/maze_solver.py -> /home/jw/jw/2023-SS-ROS2-Lecture/build/maze_bot/build/lib/maze_bot
[0.699s] copying maze_bot/bot_pathplanning.py -> /home/jw/jw/2023-SS-ROS2-Lecture/build/maze_bot/build/lib/maze_bot
[0.699s] running install
[0.700s] running install_lib
[0.701s] copying /home/jw/jw/2023-SS-ROS2-Lecture/build/maze_bot/build/lib/maze_bot/bot_mapping.py -> /home/jw/jw/2023-SS-ROS2-Lecture/install/maze_bot/lib/python3.10/site-packages/maze_bot
[0.701s] copying /home/jw/jw/2023-SS-ROS2-Lecture/build/maze_bot/build/lib/maze_bot/maze_solver.py -> /home/jw/jw/2023-SS-ROS2-Lecture/install/maze_bot/lib/python3.10/site-packages/maze_bot
[0.701s] copying /home/jw/jw/2023-SS-ROS2-Lecture/build/maze_bot/build/lib/maze_bot/bot_pathplanning.py -> /home/jw/jw/2023-SS-ROS2-Lecture/install/maze_bot/lib/python3.10/site-packages/maze_bot
[0.702s] byte-compiling /home/jw/jw/2023-SS-ROS2-Lecture/install/maze_bot/lib/python3.10/site-packages/maze_bot/bot_mapping.py to bot_mapping.cpython-310.pyc
[0.705s] byte-compiling /home/jw/jw/2023-SS-ROS2-Lecture/install/maze_bot/lib/python3.10/site-packages/maze_bot/maze_solver.py to maze_solver.cpython-310.pyc
[0.707s] byte-compiling /home/jw/jw/2023-SS-ROS2-Lecture/install/maze_bot/lib/python3.10/site-packages/maze_bot/bot_pathplanning.py to bot_pathplanning.cpython-310.pyc
[0.708s] /home/jw/jw/2023-SS-ROS2-Lecture/install/maze_bot/lib/python3.10/site-packages/maze_bot/bot_pathplanning.py:138: SyntaxWarning: "is" with a literal. Did you mean "=="?
[0.708s]   if (self.astar.shortest_path_overlayed is 0):
[0.709s] running install_data
[0.710s] running install_egg_info
[0.711s] removing '/home/jw/jw/2023-SS-ROS2-Lecture/install/maze_bot/lib/python3.10/site-packages/maze_bot-0.0.0-py3.10.egg-info' (and everything under it)
[0.711s] Copying ../../build/maze_bot/maze_bot.egg-info to /home/jw/jw/2023-SS-ROS2-Lecture/install/maze_bot/lib/python3.10/site-packages/maze_bot-0.0.0-py3.10.egg-info
[0.712s] running install_scripts
[0.728s] Installing driving_node script to /home/jw/jw/2023-SS-ROS2-Lecture/install/maze_bot/lib/maze_bot
[0.728s] Installing go_to_goal script to /home/jw/jw/2023-SS-ROS2-Lecture/install/maze_bot/lib/maze_bot
[0.729s] Installing maze_solver script to /home/jw/jw/2023-SS-ROS2-Lecture/install/maze_bot/lib/maze_bot
[0.729s] Installing video_recorder script to /home/jw/jw/2023-SS-ROS2-Lecture/install/maze_bot/lib/maze_bot
[0.729s] writing list of installed files to '/home/jw/jw/2023-SS-ROS2-Lecture/build/maze_bot/install.log'
[0.752s] Invoked command in '/home/jw/jw/2023-SS-ROS2-Lecture/src/maze_bot' returned '0': PYTHONPATH=/home/jw/jw/2023-SS-ROS2-Lecture/build/maze_bot/prefix_override:/home/jw/jw/2023-SS-ROS2-Lecture/install/maze_bot/lib/python3.10/site-packages:${PYTHONPATH} /usr/bin/python3 setup.py egg_info --egg-base ../../build/maze_bot build --build-base /home/jw/jw/2023-SS-ROS2-Lecture/build/maze_bot/build install --record /home/jw/jw/2023-SS-ROS2-Lecture/build/maze_bot/install.log --single-version-externally-managed
