running egg_info
creating ../../build/maze_bot/maze_bot.egg-info
writing ../../build/maze_bot/maze_bot.egg-info/PKG-INFO
writing dependency_links to ../../build/maze_bot/maze_bot.egg-info/dependency_links.txt
writing entry points to ../../build/maze_bot/maze_bot.egg-info/entry_points.txt
writing requirements to ../../build/maze_bot/maze_bot.egg-info/requires.txt
writing top-level names to ../../build/maze_bot/maze_bot.egg-info/top_level.txt
writing manifest file '../../build/maze_bot/maze_bot.egg-info/SOURCES.txt'
reading manifest file '../../build/maze_bot/maze_bot.egg-info/SOURCES.txt'
writing manifest file '../../build/maze_bot/maze_bot.egg-info/SOURCES.txt'
running build
running build_py
creating /home/jw/jw/path_planning_ws/2023-SS-ROS2-Lecture/build/maze_bot/build
creating /home/jw/jw/path_planning_ws/2023-SS-ROS2-Lecture/build/maze_bot/build/lib
creating /home/jw/jw/path_planning_ws/2023-SS-ROS2-Lecture/build/maze_bot/build/lib/maze_bot
copying maze_bot/bot_mapping.py -> /home/jw/jw/path_planning_ws/2023-SS-ROS2-Lecture/build/maze_bot/build/lib/maze_bot
copying maze_bot/config.py -> /home/jw/jw/path_planning_ws/2023-SS-ROS2-Lecture/build/maze_bot/build/lib/maze_bot
copying maze_bot/test_mapping.py -> /home/jw/jw/path_planning_ws/2023-SS-ROS2-Lecture/build/maze_bot/build/lib/maze_bot
copying maze_bot/bot_motionplanning.py -> /home/jw/jw/path_planning_ws/2023-SS-ROS2-Lecture/build/maze_bot/build/lib/maze_bot
copying maze_bot/maze_solver.py -> /home/jw/jw/path_planning_ws/2023-SS-ROS2-Lecture/build/maze_bot/build/lib/maze_bot
copying maze_bot/bot_pathplanning.py -> /home/jw/jw/path_planning_ws/2023-SS-ROS2-Lecture/build/maze_bot/build/lib/maze_bot
copying maze_bot/bot_localization.py -> /home/jw/jw/path_planning_ws/2023-SS-ROS2-Lecture/build/maze_bot/build/lib/maze_bot
copying maze_bot/__init__.py -> /home/jw/jw/path_planning_ws/2023-SS-ROS2-Lecture/build/maze_bot/build/lib/maze_bot
copying maze_bot/utilities.py -> /home/jw/jw/path_planning_ws/2023-SS-ROS2-Lecture/build/maze_bot/build/lib/maze_bot
running install
running install_lib
creating /home/jw/jw/path_planning_ws/2023-SS-ROS2-Lecture/install/maze_bot/lib/python3.10/site-packages/maze_bot
copying /home/jw/jw/path_planning_ws/2023-SS-ROS2-Lecture/build/maze_bot/build/lib/maze_bot/bot_mapping.py -> /home/jw/jw/path_planning_ws/2023-SS-ROS2-Lecture/install/maze_bot/lib/python3.10/site-packages/maze_bot
copying /home/jw/jw/path_planning_ws/2023-SS-ROS2-Lecture/build/maze_bot/build/lib/maze_bot/config.py -> /home/jw/jw/path_planning_ws/2023-SS-ROS2-Lecture/install/maze_bot/lib/python3.10/site-packages/maze_bot
copying /home/jw/jw/path_planning_ws/2023-SS-ROS2-Lecture/build/maze_bot/build/lib/maze_bot/test_mapping.py -> /home/jw/jw/path_planning_ws/2023-SS-ROS2-Lecture/install/maze_bot/lib/python3.10/site-packages/maze_bot
copying /home/jw/jw/path_planning_ws/2023-SS-ROS2-Lecture/build/maze_bot/build/lib/maze_bot/bot_motionplanning.py -> /home/jw/jw/path_planning_ws/2023-SS-ROS2-Lecture/install/maze_bot/lib/python3.10/site-packages/maze_bot
copying /home/jw/jw/path_planning_ws/2023-SS-ROS2-Lecture/build/maze_bot/build/lib/maze_bot/maze_solver.py -> /home/jw/jw/path_planning_ws/2023-SS-ROS2-Lecture/install/maze_bot/lib/python3.10/site-packages/maze_bot
copying /home/jw/jw/path_planning_ws/2023-SS-ROS2-Lecture/build/maze_bot/build/lib/maze_bot/bot_pathplanning.py -> /home/jw/jw/path_planning_ws/2023-SS-ROS2-Lecture/install/maze_bot/lib/python3.10/site-packages/maze_bot
copying /home/jw/jw/path_planning_ws/2023-SS-ROS2-Lecture/build/maze_bot/build/lib/maze_bot/bot_localization.py -> /home/jw/jw/path_planning_ws/2023-SS-ROS2-Lecture/install/maze_bot/lib/python3.10/site-packages/maze_bot
copying /home/jw/jw/path_planning_ws/2023-SS-ROS2-Lecture/build/maze_bot/build/lib/maze_bot/__init__.py -> /home/jw/jw/path_planning_ws/2023-SS-ROS2-Lecture/install/maze_bot/lib/python3.10/site-packages/maze_bot
copying /home/jw/jw/path_planning_ws/2023-SS-ROS2-Lecture/build/maze_bot/build/lib/maze_bot/utilities.py -> /home/jw/jw/path_planning_ws/2023-SS-ROS2-Lecture/install/maze_bot/lib/python3.10/site-packages/maze_bot
byte-compiling /home/jw/jw/path_planning_ws/2023-SS-ROS2-Lecture/install/maze_bot/lib/python3.10/site-packages/maze_bot/bot_mapping.py to bot_mapping.cpython-310.pyc
byte-compiling /home/jw/jw/path_planning_ws/2023-SS-ROS2-Lecture/install/maze_bot/lib/python3.10/site-packages/maze_bot/config.py to config.cpython-310.pyc
byte-compiling /home/jw/jw/path_planning_ws/2023-SS-ROS2-Lecture/install/maze_bot/lib/python3.10/site-packages/maze_bot/test_mapping.py to test_mapping.cpython-310.pyc
byte-compiling /home/jw/jw/path_planning_ws/2023-SS-ROS2-Lecture/install/maze_bot/lib/python3.10/site-packages/maze_bot/bot_motionplanning.py to bot_motionplanning.cpython-310.pyc
byte-compiling /home/jw/jw/path_planning_ws/2023-SS-ROS2-Lecture/install/maze_bot/lib/python3.10/site-packages/maze_bot/maze_solver.py to maze_solver.cpython-310.pyc
byte-compiling /home/jw/jw/path_planning_ws/2023-SS-ROS2-Lecture/install/maze_bot/lib/python3.10/site-packages/maze_bot/bot_pathplanning.py to bot_pathplanning.cpython-310.pyc
byte-compiling /home/jw/jw/path_planning_ws/2023-SS-ROS2-Lecture/install/maze_bot/lib/python3.10/site-packages/maze_bot/bot_localization.py to bot_localization.cpython-310.pyc
byte-compiling /home/jw/jw/path_planning_ws/2023-SS-ROS2-Lecture/install/maze_bot/lib/python3.10/site-packages/maze_bot/__init__.py to __init__.cpython-310.pyc
byte-compiling /home/jw/jw/path_planning_ws/2023-SS-ROS2-Lecture/install/maze_bot/lib/python3.10/site-packages/maze_bot/utilities.py to utilities.cpython-310.pyc
running install_data
creating /home/jw/jw/path_planning_ws/2023-SS-ROS2-Lecture/install/maze_bot/share/ament_index
creating /home/jw/jw/path_planning_ws/2023-SS-ROS2-Lecture/install/maze_bot/share/ament_index/resource_index
creating /home/jw/jw/path_planning_ws/2023-SS-ROS2-Lecture/install/maze_bot/share/ament_index/resource_index/packages
copying resource/maze_bot -> /home/jw/jw/path_planning_ws/2023-SS-ROS2-Lecture/install/maze_bot/share/ament_index/resource_index/packages
copying package.xml -> /home/jw/jw/path_planning_ws/2023-SS-ROS2-Lecture/install/maze_bot/share/maze_bot
creating /home/jw/jw/path_planning_ws/2023-SS-ROS2-Lecture/install/maze_bot/share/maze_bot/launch
copying launch/maze_1_robot_camera.launch.py -> /home/jw/jw/path_planning_ws/2023-SS-ROS2-Lecture/install/maze_bot/share/maze_bot/launch
copying launch/rviz.launch.py -> /home/jw/jw/path_planning_ws/2023-SS-ROS2-Lecture/install/maze_bot/share/maze_bot/launch
copying launch/gazebo.launch.py -> /home/jw/jw/path_planning_ws/2023-SS-ROS2-Lecture/install/maze_bot/share/maze_bot/launch
copying launch/maze_2_robot_camera.launch.py -> /home/jw/jw/path_planning_ws/2023-SS-ROS2-Lecture/install/maze_bot/share/maze_bot/launch
creating /home/jw/jw/path_planning_ws/2023-SS-ROS2-Lecture/install/maze_bot/share/maze_bot/urdf
copying urdf/maze_bot.urdf -> /home/jw/jw/path_planning_ws/2023-SS-ROS2-Lecture/install/maze_bot/share/maze_bot/urdf
creating /home/jw/jw/path_planning_ws/2023-SS-ROS2-Lecture/install/maze_bot/share/maze_bot/meshes
copying meshes/front_caster.stl -> /home/jw/jw/path_planning_ws/2023-SS-ROS2-Lecture/install/maze_bot/share/maze_bot/meshes
copying meshes/base_link.stl -> /home/jw/jw/path_planning_ws/2023-SS-ROS2-Lecture/install/maze_bot/share/maze_bot/meshes
copying meshes/wheel_l.stl -> /home/jw/jw/path_planning_ws/2023-SS-ROS2-Lecture/install/maze_bot/share/maze_bot/meshes
copying meshes/wheel_r.stl -> /home/jw/jw/path_planning_ws/2023-SS-ROS2-Lecture/install/maze_bot/share/maze_bot/meshes
creating /home/jw/jw/path_planning_ws/2023-SS-ROS2-Lecture/install/maze_bot/share/maze_bot/worlds
copying worlds/maze_1.world -> /home/jw/jw/path_planning_ws/2023-SS-ROS2-Lecture/install/maze_bot/share/maze_bot/worlds
copying worlds/maze_2.world -> /home/jw/jw/path_planning_ws/2023-SS-ROS2-Lecture/install/maze_bot/share/maze_bot/worlds
running install_egg_info
Copying ../../build/maze_bot/maze_bot.egg-info to /home/jw/jw/path_planning_ws/2023-SS-ROS2-Lecture/install/maze_bot/lib/python3.10/site-packages/maze_bot-0.0.0-py3.10.egg-info
running install_scripts
Installing driving_node script to /home/jw/jw/path_planning_ws/2023-SS-ROS2-Lecture/install/maze_bot/lib/maze_bot
Installing go_to_goal script to /home/jw/jw/path_planning_ws/2023-SS-ROS2-Lecture/install/maze_bot/lib/maze_bot
Installing maze_solver script to /home/jw/jw/path_planning_ws/2023-SS-ROS2-Lecture/install/maze_bot/lib/maze_bot
Installing video_recorder script to /home/jw/jw/path_planning_ws/2023-SS-ROS2-Lecture/install/maze_bot/lib/maze_bot
writing list of installed files to '/home/jw/jw/path_planning_ws/2023-SS-ROS2-Lecture/build/maze_bot/install.log'
