[0.615s] Invoking command in '/home/jw/jw/path_planning_ws/2023-SS-ROS2-Lecture/src/maze_bot': PYTHONPATH=/home/jw/jw/path_planning_ws/2023-SS-ROS2-Lecture/build/maze_bot/prefix_override:/home/jw/jw/path_planning_ws/2023-SS-ROS2-Lecture/install/maze_bot/lib/python3.10/site-packages:${PYTHONPATH} /usr/bin/python3 setup.py egg_info --egg-base ../../build/maze_bot build --build-base /home/jw/jw/path_planning_ws/2023-SS-ROS2-Lecture/build/maze_bot/build install --record /home/jw/jw/path_planning_ws/2023-SS-ROS2-Lecture/build/maze_bot/install.log --single-version-externally-managed
[0.853s] running egg_info
[0.853s] creating ../../build/maze_bot/maze_bot.egg-info
[0.853s] writing ../../build/maze_bot/maze_bot.egg-info/PKG-INFO
[0.854s] writing dependency_links to ../../build/maze_bot/maze_bot.egg-info/dependency_links.txt
[0.854s] writing entry points to ../../build/maze_bot/maze_bot.egg-info/entry_points.txt
[0.854s] writing requirements to ../../build/maze_bot/maze_bot.egg-info/requires.txt
[0.854s] writing top-level names to ../../build/maze_bot/maze_bot.egg-info/top_level.txt
[0.854s] writing manifest file '../../build/maze_bot/maze_bot.egg-info/SOURCES.txt'
[0.856s] reading manifest file '../../build/maze_bot/maze_bot.egg-info/SOURCES.txt'
[0.857s] writing manifest file '../../build/maze_bot/maze_bot.egg-info/SOURCES.txt'
[0.857s] running build
[0.857s] running build_py
[0.857s] creating /home/jw/jw/path_planning_ws/2023-SS-ROS2-Lecture/build/maze_bot/build
[0.857s] creating /home/jw/jw/path_planning_ws/2023-SS-ROS2-Lecture/build/maze_bot/build/lib
[0.857s] creating /home/jw/jw/path_planning_ws/2023-SS-ROS2-Lecture/build/maze_bot/build/lib/maze_bot
[0.857s] copying maze_bot/bot_mapping.py -> /home/jw/jw/path_planning_ws/2023-SS-ROS2-Lecture/build/maze_bot/build/lib/maze_bot
[0.857s] copying maze_bot/config.py -> /home/jw/jw/path_planning_ws/2023-SS-ROS2-Lecture/build/maze_bot/build/lib/maze_bot
[0.858s] copying maze_bot/test_mapping.py -> /home/jw/jw/path_planning_ws/2023-SS-ROS2-Lecture/build/maze_bot/build/lib/maze_bot
[0.858s] copying maze_bot/bot_motionplanning.py -> /home/jw/jw/path_planning_ws/2023-SS-ROS2-Lecture/build/maze_bot/build/lib/maze_bot
[0.858s] copying maze_bot/maze_solver.py -> /home/jw/jw/path_planning_ws/2023-SS-ROS2-Lecture/build/maze_bot/build/lib/maze_bot
[0.858s] copying maze_bot/bot_pathplanning.py -> /home/jw/jw/path_planning_ws/2023-SS-ROS2-Lecture/build/maze_bot/build/lib/maze_bot
[0.858s] copying maze_bot/bot_localization.py -> /home/jw/jw/path_planning_ws/2023-SS-ROS2-Lecture/build/maze_bot/build/lib/maze_bot
[0.858s] copying maze_bot/__init__.py -> /home/jw/jw/path_planning_ws/2023-SS-ROS2-Lecture/build/maze_bot/build/lib/maze_bot
[0.858s] copying maze_bot/utilities.py -> /home/jw/jw/path_planning_ws/2023-SS-ROS2-Lecture/build/maze_bot/build/lib/maze_bot
[0.858s] running install
[0.859s] running install_lib
[0.859s] creating /home/jw/jw/path_planning_ws/2023-SS-ROS2-Lecture/install/maze_bot/lib/python3.10/site-packages/maze_bot
[0.860s] copying /home/jw/jw/path_planning_ws/2023-SS-ROS2-Lecture/build/maze_bot/build/lib/maze_bot/bot_mapping.py -> /home/jw/jw/path_planning_ws/2023-SS-ROS2-Lecture/install/maze_bot/lib/python3.10/site-packages/maze_bot
[0.860s] copying /home/jw/jw/path_planning_ws/2023-SS-ROS2-Lecture/build/maze_bot/build/lib/maze_bot/config.py -> /home/jw/jw/path_planning_ws/2023-SS-ROS2-Lecture/install/maze_bot/lib/python3.10/site-packages/maze_bot
[0.860s] copying /home/jw/jw/path_planning_ws/2023-SS-ROS2-Lecture/build/maze_bot/build/lib/maze_bot/test_mapping.py -> /home/jw/jw/path_planning_ws/2023-SS-ROS2-Lecture/install/maze_bot/lib/python3.10/site-packages/maze_bot
[0.860s] copying /home/jw/jw/path_planning_ws/2023-SS-ROS2-Lecture/build/maze_bot/build/lib/maze_bot/bot_motionplanning.py -> /home/jw/jw/path_planning_ws/2023-SS-ROS2-Lecture/install/maze_bot/lib/python3.10/site-packages/maze_bot
[0.860s] copying /home/jw/jw/path_planning_ws/2023-SS-ROS2-Lecture/build/maze_bot/build/lib/maze_bot/maze_solver.py -> /home/jw/jw/path_planning_ws/2023-SS-ROS2-Lecture/install/maze_bot/lib/python3.10/site-packages/maze_bot
[0.860s] copying /home/jw/jw/path_planning_ws/2023-SS-ROS2-Lecture/build/maze_bot/build/lib/maze_bot/bot_pathplanning.py -> /home/jw/jw/path_planning_ws/2023-SS-ROS2-Lecture/install/maze_bot/lib/python3.10/site-packages/maze_bot
[0.860s] copying /home/jw/jw/path_planning_ws/2023-SS-ROS2-Lecture/build/maze_bot/build/lib/maze_bot/bot_localization.py -> /home/jw/jw/path_planning_ws/2023-SS-ROS2-Lecture/install/maze_bot/lib/python3.10/site-packages/maze_bot
[0.860s] copying /home/jw/jw/path_planning_ws/2023-SS-ROS2-Lecture/build/maze_bot/build/lib/maze_bot/__init__.py -> /home/jw/jw/path_planning_ws/2023-SS-ROS2-Lecture/install/maze_bot/lib/python3.10/site-packages/maze_bot
[0.861s] copying /home/jw/jw/path_planning_ws/2023-SS-ROS2-Lecture/build/maze_bot/build/lib/maze_bot/utilities.py -> /home/jw/jw/path_planning_ws/2023-SS-ROS2-Lecture/install/maze_bot/lib/python3.10/site-packages/maze_bot
[0.861s] byte-compiling /home/jw/jw/path_planning_ws/2023-SS-ROS2-Lecture/install/maze_bot/lib/python3.10/site-packages/maze_bot/bot_mapping.py to bot_mapping.cpython-310.pyc
[0.864s] byte-compiling /home/jw/jw/path_planning_ws/2023-SS-ROS2-Lecture/install/maze_bot/lib/python3.10/site-packages/maze_bot/config.py to config.cpython-310.pyc
[0.864s] byte-compiling /home/jw/jw/path_planning_ws/2023-SS-ROS2-Lecture/install/maze_bot/lib/python3.10/site-packages/maze_bot/test_mapping.py to test_mapping.cpython-310.pyc
[0.865s] byte-compiling /home/jw/jw/path_planning_ws/2023-SS-ROS2-Lecture/install/maze_bot/lib/python3.10/site-packages/maze_bot/bot_motionplanning.py to bot_motionplanning.cpython-310.pyc
[0.867s] byte-compiling /home/jw/jw/path_planning_ws/2023-SS-ROS2-Lecture/install/maze_bot/lib/python3.10/site-packages/maze_bot/maze_solver.py to maze_solver.cpython-310.pyc
[0.869s] byte-compiling /home/jw/jw/path_planning_ws/2023-SS-ROS2-Lecture/install/maze_bot/lib/python3.10/site-packages/maze_bot/bot_pathplanning.py to bot_pathplanning.cpython-310.pyc
[0.871s] byte-compiling /home/jw/jw/path_planning_ws/2023-SS-ROS2-Lecture/install/maze_bot/lib/python3.10/site-packages/maze_bot/bot_localization.py to bot_localization.cpython-310.pyc
[0.872s] byte-compiling /home/jw/jw/path_planning_ws/2023-SS-ROS2-Lecture/install/maze_bot/lib/python3.10/site-packages/maze_bot/__init__.py to __init__.cpython-310.pyc
[0.872s] byte-compiling /home/jw/jw/path_planning_ws/2023-SS-ROS2-Lecture/install/maze_bot/lib/python3.10/site-packages/maze_bot/utilities.py to utilities.cpython-310.pyc
[0.873s] running install_data
[0.874s] creating /home/jw/jw/path_planning_ws/2023-SS-ROS2-Lecture/install/maze_bot/share/ament_index
[0.874s] creating /home/jw/jw/path_planning_ws/2023-SS-ROS2-Lecture/install/maze_bot/share/ament_index/resource_index
[0.874s] creating /home/jw/jw/path_planning_ws/2023-SS-ROS2-Lecture/install/maze_bot/share/ament_index/resource_index/packages
[0.874s] copying resource/maze_bot -> /home/jw/jw/path_planning_ws/2023-SS-ROS2-Lecture/install/maze_bot/share/ament_index/resource_index/packages
[0.874s] copying package.xml -> /home/jw/jw/path_planning_ws/2023-SS-ROS2-Lecture/install/maze_bot/share/maze_bot
[0.874s] creating /home/jw/jw/path_planning_ws/2023-SS-ROS2-Lecture/install/maze_bot/share/maze_bot/launch
[0.874s] copying launch/maze_1_robot_camera.launch.py -> /home/jw/jw/path_planning_ws/2023-SS-ROS2-Lecture/install/maze_bot/share/maze_bot/launch
[0.875s] copying launch/rviz.launch.py -> /home/jw/jw/path_planning_ws/2023-SS-ROS2-Lecture/install/maze_bot/share/maze_bot/launch
[0.875s] copying launch/gazebo.launch.py -> /home/jw/jw/path_planning_ws/2023-SS-ROS2-Lecture/install/maze_bot/share/maze_bot/launch
[0.875s] copying launch/maze_2_robot_camera.launch.py -> /home/jw/jw/path_planning_ws/2023-SS-ROS2-Lecture/install/maze_bot/share/maze_bot/launch
[0.875s] creating /home/jw/jw/path_planning_ws/2023-SS-ROS2-Lecture/install/maze_bot/share/maze_bot/urdf
[0.875s] copying urdf/maze_bot.urdf -> /home/jw/jw/path_planning_ws/2023-SS-ROS2-Lecture/install/maze_bot/share/maze_bot/urdf
[0.875s] creating /home/jw/jw/path_planning_ws/2023-SS-ROS2-Lecture/install/maze_bot/share/maze_bot/meshes
[0.875s] copying meshes/front_caster.stl -> /home/jw/jw/path_planning_ws/2023-SS-ROS2-Lecture/install/maze_bot/share/maze_bot/meshes
[0.875s] copying meshes/base_link.stl -> /home/jw/jw/path_planning_ws/2023-SS-ROS2-Lecture/install/maze_bot/share/maze_bot/meshes
[0.875s] copying meshes/wheel_l.stl -> /home/jw/jw/path_planning_ws/2023-SS-ROS2-Lecture/install/maze_bot/share/maze_bot/meshes
[0.875s] copying meshes/wheel_r.stl -> /home/jw/jw/path_planning_ws/2023-SS-ROS2-Lecture/install/maze_bot/share/maze_bot/meshes
[0.876s] creating /home/jw/jw/path_planning_ws/2023-SS-ROS2-Lecture/install/maze_bot/share/maze_bot/worlds
[0.876s] copying worlds/maze_1.world -> /home/jw/jw/path_planning_ws/2023-SS-ROS2-Lecture/install/maze_bot/share/maze_bot/worlds
[0.876s] copying worlds/maze_2.world -> /home/jw/jw/path_planning_ws/2023-SS-ROS2-Lecture/install/maze_bot/share/maze_bot/worlds
[0.876s] running install_egg_info
[0.878s] Copying ../../build/maze_bot/maze_bot.egg-info to /home/jw/jw/path_planning_ws/2023-SS-ROS2-Lecture/install/maze_bot/lib/python3.10/site-packages/maze_bot-0.0.0-py3.10.egg-info
[0.878s] running install_scripts
[0.899s] Installing driving_node script to /home/jw/jw/path_planning_ws/2023-SS-ROS2-Lecture/install/maze_bot/lib/maze_bot
[0.899s] Installing go_to_goal script to /home/jw/jw/path_planning_ws/2023-SS-ROS2-Lecture/install/maze_bot/lib/maze_bot
[0.899s] Installing maze_solver script to /home/jw/jw/path_planning_ws/2023-SS-ROS2-Lecture/install/maze_bot/lib/maze_bot
[0.899s] Installing video_recorder script to /home/jw/jw/path_planning_ws/2023-SS-ROS2-Lecture/install/maze_bot/lib/maze_bot
[0.899s] writing list of installed files to '/home/jw/jw/path_planning_ws/2023-SS-ROS2-Lecture/build/maze_bot/install.log'
[0.928s] Invoked command in '/home/jw/jw/path_planning_ws/2023-SS-ROS2-Lecture/src/maze_bot' returned '0': PYTHONPATH=/home/jw/jw/path_planning_ws/2023-SS-ROS2-Lecture/build/maze_bot/prefix_override:/home/jw/jw/path_planning_ws/2023-SS-ROS2-Lecture/install/maze_bot/lib/python3.10/site-packages:${PYTHONPATH} /usr/bin/python3 setup.py egg_info --egg-base ../../build/maze_bot build --build-base /home/jw/jw/path_planning_ws/2023-SS-ROS2-Lecture/build/maze_bot/build install --record /home/jw/jw/path_planning_ws/2023-SS-ROS2-Lecture/build/maze_bot/install.log --single-version-externally-managed
